<?xml version="1.0" encoding="utf-8" standalone="no"?>
<!--This file represents the results of running a test suite-->
<test-results name="/Users/pblasucci/Developer/fszmq/tests/fszmq.tests/bin/Release/fszmq.tests.dll" total="15" errors="0" failures="0" not-run="0" inconclusive="0" ignored="0" skipped="0" invalid="0" date="2015-06-06" time="13:57:13">
  <environment nunit-version="2.6.4.14350" clr-version="4.0.30319.17020" os-version="Unix 14.3.0.0" platform="Unix" cwd="/Users/pblasucci/Developer/fszmq" machine-name="pblasuccimbp" user="pblasucci" user-domain="pblasuccimbp" />
  <culture-info current-culture="en-US" current-uiculture="en-US" />
  <test-suite type="Assembly" name="/Users/pblasucci/Developer/fszmq/tests/fszmq.tests/bin/Release/fszmq.tests.dll" executed="True" result="Success" success="True" time="0.117" asserts="0">
    <results>
      <test-suite type="Namespace" name="fszmq" executed="True" result="Success" success="True" time="0.113" asserts="0">
        <results>
          <test-suite type="Namespace" name="tests" executed="True" result="Success" success="True" time="0.113" asserts="0">
            <results>
              <test-suite type="TestFixture" name="MessageTest" executed="True" result="Success" success="True" time="0.028" asserts="0">
                <results>
                  <test-case name="fszmq.tests.MessageTest.after moving, source message content should be empty" executed="True" result="Success" success="True" time="0.014" asserts="3">
                    <categories>
                      <category name="Message Manipulation" />
                    </categories>
                  </test-case>
                  <test-case name="fszmq.tests.MessageTest.after moving, target content should equal original content" executed="True" result="Success" success="True" time="0.001" asserts="2">
                    <categories>
                      <category name="Message Manipulation" />
                    </categories>
                  </test-case>
                  <test-case name="fszmq.tests.MessageTest.both message should have the same content after copying" executed="True" result="Success" success="True" time="0.001" asserts="2">
                    <categories>
                      <category name="Message Manipulation" />
                    </categories>
                  </test-case>
                  <test-case name="fszmq.tests.MessageTest.clone returns a distinct instance with identical content" executed="True" result="Success" success="True" time="0.001" asserts="3">
                    <categories>
                      <category name="Message Manipulation" />
                    </categories>
                  </test-case>
                  <test-case name="fszmq.tests.MessageTest.copy requires two distinct message instances" executed="True" result="Success" success="True" time="0.001" asserts="2">
                    <categories>
                      <category name="Message Manipulation" />
                    </categories>
                  </test-case>
                  <test-case name="fszmq.tests.MessageTest.move requires two distinct message instances" executed="True" result="Success" success="True" time="0.000" asserts="2">
                    <categories>
                      <category name="Message Manipulation" />
                    </categories>
                  </test-case>
                </results>
              </test-suite>
              <test-suite type="TestFixture" name="UnitTest" executed="True" result="Success" success="True" time="0.083" asserts="0">
                <results>
                  <test-case name="fszmq.tests.UnitTest.can decode (string-to-binary)" executed="True" result="Success" success="True" time="0.001" asserts="1">
                    <categories>
                      <category name="Z85" />
                    </categories>
                  </test-case>
                  <test-case name="fszmq.tests.UnitTest.can encode (binary-to-string)" executed="True" result="Success" success="True" time="0.001" asserts="1">
                    <categories>
                      <category name="Z85" />
                    </categories>
                  </test-case>
                  <test-case name="fszmq.tests.UnitTest.encoded string must be divisible by 5" executed="True" result="Success" success="True" time="0.000" asserts="2">
                    <categories>
                      <category name="Z85" />
                    </categories>
                  </test-case>
                  <test-case name="fszmq.tests.UnitTest.encoded string must not be zero-length" executed="True" result="Success" success="True" time="0.000" asserts="2">
                    <categories>
                      <category name="Z85" />
                    </categories>
                  </test-case>
                  <test-case name="fszmq.tests.UnitTest.keypair generation requires sodium" executed="True" result="Success" success="True" time="0.001" asserts="2">
                    <categories>
                      <category name="ZCURVE" />
                    </categories>
                  </test-case>
                  <test-case name="fszmq.tests.UnitTest.libzmq version should be at least 4" executed="True" result="Success" success="True" time="0.056" asserts="3">
                    <categories>
                      <category name="Miscellany" />
                    </categories>
                  </test-case>
                  <test-case name="fszmq.tests.UnitTest.recv throws TimeoutException if RCVTIMEO expires" executed="True" result="Success" success="True" time="0.017" asserts="2">
                    <categories>
                      <category name="Miscellany" />
                    </categories>
                  </test-case>
                  <test-case name="fszmq.tests.UnitTest.unencoded binary must be divisible by 4" executed="True" result="Success" success="True" time="0.001" asserts="2">
                    <categories>
                      <category name="Z85" />
                    </categories>
                  </test-case>
                  <test-case name="fszmq.tests.UnitTest.unencoded binary must not be zero-length" executed="True" result="Success" success="True" time="0.000" asserts="2">
                    <categories>
                      <category name="Z85" />
                    </categories>
                  </test-case>
                </results>
              </test-suite>
            </results>
          </test-suite>
        </results>
      </test-suite>
    </results>
  </test-suite>
</test-results>