<?xml version="1.0" encoding="utf-8" standalone="no"?>
<!--This file represents the results of running a test suite-->
<test-results name="/Users/pblasucci/Developer/fszmq/tests/fszmq.tests/bin/Release/fszmq.tests.dll" total="8" errors="0" failures="0" not-run="0" inconclusive="0" ignored="0" skipped="0" invalid="0" date="2015-06-29" time="17:28:41">
  <environment nunit-version="2.6.4.14350" clr-version="4.0.30319.17020" os-version="Unix 14.3.0.0" platform="Unix" cwd="/Users/pblasucci/Developer/fszmq" machine-name="pblasuccimbp" user="pblasucci" user-domain="pblasuccimbp" />
  <culture-info current-culture="en-US" current-uiculture="en-US" />
  <test-suite type="Assembly" name="/Users/pblasucci/Developer/fszmq/tests/fszmq.tests/bin/Release/fszmq.tests.dll" executed="True" result="Success" success="True" time="0.411" asserts="0">
    <results>
      <test-suite type="Namespace" name="fszmq" executed="True" result="Success" success="True" time="0.407" asserts="0">
        <results>
          <test-suite type="Namespace" name="tests" executed="True" result="Success" success="True" time="0.407" asserts="0">
            <results>
              <test-suite type="TestFixture" name="Message" executed="True" result="Success" success="True" time="0.302" asserts="0">
                <results>
                  <test-case name="fszmq.tests.Message.after moving, target content should equal original content" executed="True" result="Success" success="True" time="0.155" asserts="0" />
                  <test-case name="fszmq.tests.Message.both message should have the same content after copying" executed="True" result="Success" success="True" time="0.017" asserts="0" />
                  <test-case name="fszmq.tests.Message.clone returns a new instance with the same data" executed="True" result="Success" success="True" time="0.015" asserts="0" />
                  <test-case name="fszmq.tests.Message.copy requires two distinct message instances" executed="True" result="Success" success="True" time="0.057" asserts="0" />
                  <test-case name="fszmq.tests.Message.move requires two distinct message instances" executed="True" result="Success" success="True" time="0.001" asserts="0" />
                </results>
              </test-suite>
              <test-suite type="TestFixture" name="Miscellany" executed="True" result="Success" success="True" time="0.054" asserts="0">
                <results>
                  <test-case name="fszmq.tests.Miscellany.libzmq version should be at least 4" executed="True" result="Success" success="True" time="0.036" asserts="0" />
                  <test-case name="fszmq.tests.Miscellany.recv throws TimeoutException if RCVTIMEO expires" executed="True" result="Success" success="True" time="0.017" asserts="0" />
                </results>
              </test-suite>
              <test-suite type="TestFixture" name="Z85" executed="True" result="Success" success="True" time="0.047" asserts="0">
                <results>
                  <test-case name="fszmq.tests.Z85.encode-then-decode preserves data" executed="True" result="Success" success="True" time="0.047" asserts="0" />
                </results>
              </test-suite>
            </results>
          </test-suite>
        </results>
      </test-suite>
    </results>
  </test-suite>
</test-results>