<?xml version="1.0" encoding="utf-8" standalone="no"?>
<!--This file represents the results of running a test suite-->
<test-results name="/Users/pblasucci/Developer/fszmq/tests/fszmq.tests/bin/Release/fszmq.tests.dll" total="9" errors="0" failures="0" not-run="0" inconclusive="0" ignored="0" skipped="0" invalid="0" date="2015-06-18" time="15:15:21">
  <environment nunit-version="2.6.4.14350" clr-version="4.0.30319.17020" os-version="Unix 14.3.0.0" platform="Unix" cwd="/Users/pblasucci/Developer/fszmq" machine-name="pblasuccimbp" user="pblasucci" user-domain="pblasuccimbp" />
  <culture-info current-culture="en-US" current-uiculture="en-US" />
  <test-suite type="Assembly" name="/Users/pblasucci/Developer/fszmq/tests/fszmq.tests/bin/Release/fszmq.tests.dll" executed="True" result="Success" success="True" time="0.444" asserts="0">
    <results>
      <test-suite type="Namespace" name="fszmq" executed="True" result="Success" success="True" time="0.439" asserts="0">
        <results>
          <test-suite type="Namespace" name="tests" executed="True" result="Success" success="True" time="0.439" asserts="0">
            <results>
              <test-suite type="TestFixture" name="MessageTest" executed="True" result="Success" success="True" time="0.029" asserts="0">
                <results>
                  <test-case name="fszmq.tests.MessageTest.after moving, source message content should be empty" executed="True" result="Success" success="True" time="0.016" asserts="3">
                    <categories>
                      <category name="Message Manipulation" />
                    </categories>
                  </test-case>
                  <test-case name="fszmq.tests.MessageTest.after moving, target content should equal original content" executed="True" result="Success" success="True" time="0.001" asserts="2">
                    <categories>
                      <category name="Message Manipulation" />
                    </categories>
                  </test-case>
                  <test-case name="fszmq.tests.MessageTest.both message should have the same content after copying" executed="True" result="Success" success="True" time="0.001" asserts="2">
                    <categories>
                      <category name="Message Manipulation" />
                    </categories>
                  </test-case>
                  <test-case name="fszmq.tests.MessageTest.clone returns a new instance" executed="True" result="Success" success="True" time="0.001" asserts="3">
                    <categories>
                      <category name="Message Manipulation" />
                    </categories>
                  </test-case>
                  <test-case name="fszmq.tests.MessageTest.copy requires two distinct message instances" executed="True" result="Success" success="True" time="0.001" asserts="2">
                    <categories>
                      <category name="Message Manipulation" />
                    </categories>
                  </test-case>
                  <test-case name="fszmq.tests.MessageTest.move requires two distinct message instances" executed="True" result="Success" success="True" time="0.000" asserts="2">
                    <categories>
                      <category name="Message Manipulation" />
                    </categories>
                  </test-case>
                </results>
              </test-suite>
              <test-suite type="TestFixture" name="Miscellany" executed="True" result="Success" success="True" time="0.407" asserts="0">
                <results>
                  <test-case name="fszmq.tests.Miscellany.encode-then-decode preserves data" executed="True" result="Success" success="True" time="0.193" asserts="0" />
                  <test-case name="fszmq.tests.Miscellany.libzmq version should be at least 4" executed="True" result="Success" success="True" time="0.109" asserts="0" />
                  <test-case name="fszmq.tests.Miscellany.recv throws TimeoutException if RCVTIMEO expires" executed="True" result="Success" success="True" time="0.022" asserts="0" />
                </results>
              </test-suite>
            </results>
          </test-suite>
        </results>
      </test-suite>
    </results>
  </test-suite>
</test-results>