<?xml version="1.0" encoding="utf-8" standalone="no"?>
<!--This file represents the results of running a test suite-->
<test-results name="/Users/pblasucci/Developer/fszmq/tests/fszmq.tests/bin/Release/fszmq.tests.dll" total="10" errors="0" failures="1" not-run="1" inconclusive="0" ignored="1" skipped="0" invalid="0" date="2016-02-24" time="01:38:04">
  <environment nunit-version="2.6.4.14350" clr-version="4.6.57.0" os-version="Unix 14.5.0.0" platform="Unix" cwd="/Users/pblasucci/Developer/fszmq" machine-name="pblasuccimbp" user="pblasucci" user-domain="pblasuccimbp" />
  <culture-info current-culture="en-US" current-uiculture="en-US" />
  <test-suite type="Assembly" name="/Users/pblasucci/Developer/fszmq/tests/fszmq.tests/bin/Release/fszmq.tests.dll" executed="True" result="Failure" success="False" time="1.426" asserts="0">
    <results>
      <test-suite type="Namespace" name="fszmq" executed="True" result="Failure" success="False" time="1.421" asserts="0">
        <results>
          <test-suite type="Namespace" name="tests" executed="True" result="Failure" success="False" time="1.421" asserts="0">
            <results>
              <test-suite type="TestFixture" name="Curve" executed="True" result="Inconclusive" success="False" time="0.063" asserts="0">
                <results>
                  <test-case name="fszmq.tests.Curve.curveKeyPair generates 2 different evenly-divisible strings" executed="False" result="Ignored">
                    <reason>
                      <message><![CDATA[CURVE not supported]]></message>
                    </reason>
                  </test-case>
                </results>
              </test-suite>
              <test-suite type="TestFixture" name="Message" executed="True" result="Success" success="True" time="0.364" asserts="0">
                <results>
                  <test-case name="fszmq.tests.Message.after moving, target content should equal original content" executed="True" result="Success" success="True" time="0.110" asserts="0" />
                  <test-case name="fszmq.tests.Message.both message should have the same content after copying" executed="True" result="Success" success="True" time="0.017" asserts="0" />
                  <test-case name="fszmq.tests.Message.clone returns a new instance with the same data" executed="True" result="Success" success="True" time="0.010" asserts="0" />
                  <test-case name="fszmq.tests.Message.copy requires two distinct message instances" executed="True" result="Success" success="True" time="0.059" asserts="0" />
                  <test-case name="fszmq.tests.Message.move requires two distinct message instances" executed="True" result="Success" success="True" time="0.001" asserts="0" />
                </results>
              </test-suite>
              <test-suite type="TestFixture" name="Miscellany" executed="True" result="Success" success="True" time="0.055" asserts="0">
                <results>
                  <test-case name="fszmq.tests.Miscellany.libzmq version should be at least 4" executed="True" result="Success" success="True" time="0.033" asserts="0" />
                  <test-case name="fszmq.tests.Miscellany.recv throws TimeoutException if RCVTIMEO expires" executed="True" result="Success" success="True" time="0.020" asserts="0" />
                </results>
              </test-suite>
              <test-suite type="TestFixture" name="Options" executed="True" result="Failure" success="False" time="0.384" asserts="0">
                <results>
                  <test-case name="fszmq.tests.Options.SocketType pattern should equal ZMQ.TYPE option" executed="True" result="Failure" success="False" time="0.383" asserts="0">
                    <failure>
                      <message><![CDATA[

0 = 0 && 0 = 3
true && 0 = 3
true && false
false
]]></message>
                      <stack-trace><![CDATA[at fszmq.tests.Options.SocketType pattern should equal ZMQ.TYPE option () <0x2f4f498 + 0x0029b> in <filename unknown>:0
]]></stack-trace>
                    </failure>
                  </test-case>
                </results>
              </test-suite>
              <test-suite type="TestFixture" name="Termination" executed="True" result="Success" success="True" time="0.460" asserts="0">
                <results>
                  <test-case name="fszmq.tests.Termination.everything should shutdown cleanly" executed="True" result="Success" success="True" time="0.460" asserts="0" />
                </results>
              </test-suite>
              <test-suite type="TestFixture" name="Z85" executed="True" result="Success" success="True" time="0.055" asserts="0">
                <results>
                  <test-case name="fszmq.tests.Z85.encode-then-decode preserves data" executed="True" result="Success" success="True" time="0.055" asserts="0" />
                </results>
              </test-suite>
            </results>
          </test-suite>
        </results>
      </test-suite>
    </results>
  </test-suite>
</test-results>